<?xml version="1.0" encoding="UTF-8"?>
<coverage generated="1663161976652" clover="3.2.0">
  <project timestamp="1663161976653" name="All files">
    <metrics statements="15" coveredstatements="12" conditionals="2" coveredconditionals="0" methods="3" coveredmethods="2" elements="20" coveredelements="14" complexity="0" loc="15" ncloc="15" packages="1" files="1" classes="1"/>
    <file name="server.ts" path="/Users/hildaeden/projects/reinforce/server/server.ts">
      <metrics statements="15" coveredstatements="12" conditionals="2" coveredconditionals="0" methods="3" coveredmethods="2"/>
      <line num="1" count="1" type="stmt"/>
      <line num="2" count="1" type="stmt"/>
      <line num="4" count="1" type="stmt"/>
      <line num="16" count="1" type="stmt"/>
      <line num="17" count="1" type="stmt"/>
      <line num="24" count="1" type="stmt"/>
      <line num="25" count="4" type="stmt"/>
      <line num="33" count="1" type="stmt"/>
      <line num="39" count="0" type="stmt"/>
      <line num="40" count="0" type="cond" truecount="0" falsecount="2"/>
      <line num="41" count="0" type="stmt"/>
      <line num="44" count="1" type="stmt"/>
      <line num="47" count="1" type="stmt"/>
      <line num="48" count="1" type="stmt"/>
      <line num="51" count="1" type="stmt"/>
    </file>
  </project>
</coverage>
