{"/Users/hildaeden/projects/reinforce/build/server/server.js": {"data":{"path":"/Users/hildaeden/projects/reinforce/build/server/server.js","statementMap":{"0":{"start":{"line":2,"column":22},"end":{"line":4,"column":1}},"1":{"start":{"line":3,"column":4},"end":{"line":3,"column":62}},"2":{"start":{"line":5,"column":0},"end":{"line":5,"column":62}},"3":{"start":{"line":6,"column":18},"end":{"line":6,"column":53}},"4":{"start":{"line":7,"column":12},"end":{"line":7,"column":36}},"5":{"start":{"line":8,"column":15},"end":{"line":8,"column":47}},"6":{"start":{"line":9,"column":13},"end":{"line":9,"column":17}},"7":{"start":{"line":10,"column":0},"end":{"line":10,"column":34}},"8":{"start":{"line":11,"column":0},"end":{"line":11,"column":58}},"9":{"start":{"line":15,"column":0},"end":{"line":17,"column":3}},"10":{"start":{"line":16,"column":4},"end":{"line":16,"column":69}},"11":{"start":{"line":18,"column":0},"end":{"line":18,"column":67}},"12":{"start":{"line":18,"column":27},"end":{"line":18,"column":65}},"13":{"start":{"line":24,"column":27},"end":{"line":28,"column":1}},"14":{"start":{"line":25,"column":23},"end":{"line":25,"column":78}},"15":{"start":{"line":26,"column":18},"end":{"line":26,"column":35}},"16":{"start":{"line":27,"column":4},"end":{"line":27,"column":23}},"17":{"start":{"line":29,"column":0},"end":{"line":29,"column":28}},"18":{"start":{"line":32,"column":0},"end":{"line":34,"column":3}},"19":{"start":{"line":33,"column":4},"end":{"line":33,"column":53}},"20":{"start":{"line":35,"column":0},"end":{"line":35,"column":22}}},"fnMap":{"0":{"name":"(anonymous_0)","decl":{"start":{"line":2,"column":56},"end":{"line":2,"column":57}},"loc":{"start":{"line":2,"column":71},"end":{"line":4,"column":1}},"line":2},"1":{"name":"(anonymous_1)","decl":{"start":{"line":15,"column":13},"end":{"line":15,"column":14}},"loc":{"start":{"line":15,"column":33},"end":{"line":17,"column":1}},"line":15},"2":{"name":"(anonymous_2)","decl":{"start":{"line":18,"column":13},"end":{"line":18,"column":14}},"loc":{"start":{"line":18,"column":27},"end":{"line":18,"column":65}},"line":18},"3":{"name":"(anonymous_3)","decl":{"start":{"line":24,"column":27},"end":{"line":24,"column":28}},"loc":{"start":{"line":24,"column":52},"end":{"line":28,"column":1}},"line":24},"4":{"name":"(anonymous_4)","decl":{"start":{"line":32,"column":17},"end":{"line":32,"column":18}},"loc":{"start":{"line":32,"column":23},"end":{"line":34,"column":1}},"line":32}},"branchMap":{"0":{"loc":{"start":{"line":2,"column":22},"end":{"line":4,"column":1}},"type":"binary-expr","locations":[{"start":{"line":2,"column":23},"end":{"line":2,"column":27}},{"start":{"line":2,"column":31},"end":{"line":2,"column":51}},{"start":{"line":2,"column":56},"end":{"line":4,"column":1}}],"line":2},"1":{"loc":{"start":{"line":3,"column":11},"end":{"line":3,"column":61}},"type":"cond-expr","locations":[{"start":{"line":3,"column":37},"end":{"line":3,"column":40}},{"start":{"line":3,"column":43},"end":{"line":3,"column":61}}],"line":3},"2":{"loc":{"start":{"line":3,"column":12},"end":{"line":3,"column":33}},"type":"binary-expr","locations":[{"start":{"line":3,"column":12},"end":{"line":3,"column":15}},{"start":{"line":3,"column":19},"end":{"line":3,"column":33}}],"line":3},"3":{"loc":{"start":{"line":26,"column":18},"end":{"line":26,"column":35}},"type":"binary-expr","locations":[{"start":{"line":26,"column":18},"end":{"line":26,"column":21}},{"start":{"line":26,"column":25},"end":{"line":26,"column":35}}],"line":26}},"s":{"0":1,"1":2,"2":1,"3":1,"4":1,"5":1,"6":1,"7":1,"8":1,"9":1,"10":0,"11":1,"12":4,"13":1,"14":0,"15":0,"16":0,"17":1,"18":1,"19":1,"20":1},"f":{"0":2,"1":0,"2":4,"3":0,"4":1},"b":{"0":[1,1,1],"1":[0,2],"2":[2,2],"3":[0,0]},"inputSourceMap":null,"_coverageSchema":"1a1c01bbd47fc00a2c39e90264f33305004495a9","hash":"7ebabe915178e2ce98768886dbd540b3ad12955a"}}
,"/Users/hildaeden/projects/reinforce/server/server.ts": {"path":"/Users/hildaeden/projects/reinforce/server/server.ts","statementMap":{"0":{"start":{"line":1,"column":0},"end":{"line":1,"column":30}},"1":{"start":{"line":2,"column":25},"end":{"line":2,"column":34}},"2":{"start":{"line":3,"column":0},"end":{"line":3,"column":24}},"3":{"start":{"line":4,"column":21},"end":{"line":4,"column":25}},"4":{"start":{"line":5,"column":19},"end":{"line":5,"column":43}},"5":{"start":{"line":9,"column":0},"end":{"line":9,"column":24}},"6":{"start":{"line":10,"column":0},"end":{"line":10,"column":48}},"7":{"start":{"line":15,"column":0},"end":{"line":17,"column":3}},"8":{"start":{"line":16,"column":2},"end":{"line":16,"column":57}},"9":{"start":{"line":19,"column":0},"end":{"line":19,"column":30}},"10":{"start":{"line":21,"column":0},"end":{"line":23,"column":2}},"11":{"start":{"line":22,"column":2},"end":{"line":22,"column":40}},"12":{"start":{"line":32,"column":48},"end":{"line":41,"column":1}},"13":{"start":{"line":38,"column":21},"end":{"line":38,"column":76}},"14":{"start":{"line":39,"column":16},"end":{"line":39,"column":33}},"15":{"start":{"line":40,"column":2},"end":{"line":40,"column":21}},"16":{"start":{"line":43,"column":0},"end":{"line":43,"column":28}},"17":{"start":{"line":47,"column":0},"end":{"line":49,"column":3}},"18":{"start":{"line":48,"column":2},"end":{"line":48,"column":51}},"19":{"start":{"line":51,"column":0},"end":{"line":51,"column":19}}},"fnMap":{"0":{"name":"(anonymous_1)","decl":{"start":{"line":15,"column":13},"end":{"line":15,"column":14}},"loc":{"start":{"line":15,"column":66},"end":{"line":17,"column":1}}},"1":{"name":"(anonymous_2)","decl":{"start":{"line":21,"column":13},"end":{"line":21,"column":14}},"loc":{"start":{"line":22,"column":2},"end":{"line":22,"column":40}}},"2":{"name":"(anonymous_3)","decl":{"start":{"line":32,"column":48},"end":{"line":32,"column":null}},"loc":{"start":{"line":37,"column":4},"end":{"line":41,"column":1}}},"3":{"name":"(anonymous_4)","decl":{"start":{"line":47,"column":17},"end":{"line":47,"column":20}},"loc":{"start":{"line":47,"column":22},"end":{"line":49,"column":1}}}},"branchMap":{"0":{"loc":{"start":{"line":39,"column":16},"end":{"line":39,"column":33}},"type":"binary-expr","locations":[{"start":{"line":39,"column":16},"end":{"line":39,"column":19}},{"start":{"line":39,"column":23},"end":{"line":39,"column":33}}]}},"s":{"0":1,"1":1,"2":1,"3":1,"4":1,"5":1,"6":1,"7":1,"8":0,"9":1,"10":1,"11":4,"12":1,"13":0,"14":0,"15":0,"16":1,"17":1,"18":0,"19":1},"f":{"0":0,"1":4,"2":0,"3":0},"b":{"0":[0,0]}}
,"/Users/hildaeden/projects/reinforce/server/controllers/toolController.ts": {"path":"/Users/hildaeden/projects/reinforce/server/controllers/toolController.ts","statementMap":{"0":{"start":{"line":1,"column":13},"end":{"line":1,"column":28}}},"fnMap":{},"branchMap":{},"s":{"0":1},"f":{},"b":{}}
,"/Users/hildaeden/projects/reinforce/server/routes/tool.ts": {"path":"/Users/hildaeden/projects/reinforce/server/routes/tool.ts","statementMap":{"0":{"start":{"line":2,"column":16},"end":{"line":2,"column":34}},"1":{"start":{"line":3,"column":23},"end":{"line":3,"column":63}},"2":{"start":{"line":4,"column":19},"end":{"line":4,"column":35}},"3":{"start":{"line":8,"column":0},"end":{"line":10,"column":null}},"4":{"start":{"line":13,"column":0},"end":{"line":13,"column":28}}},"fnMap":{},"branchMap":{},"s":{"0":1,"1":1,"2":1,"3":1,"4":1},"f":{},"b":{}}
}
