{"/Users/hildaeden/projects/reinforce/server/server.ts": {"path":"/Users/hildaeden/projects/reinforce/server/server.ts","statementMap":{"0":{"start":{"line":1,"column":0},"end":{"line":1,"column":30}},"1":{"start":{"line":2,"column":12},"end":{"line":2,"column":21}},"2":{"start":{"line":4,"column":13},"end":{"line":4,"column":17}},"3":{"start":{"line":16,"column":0},"end":{"line":16,"column":24}},"4":{"start":{"line":17,"column":0},"end":{"line":17,"column":48}},"5":{"start":{"line":24,"column":0},"end":{"line":26,"column":2}},"6":{"start":{"line":25,"column":2},"end":{"line":25,"column":40}},"7":{"start":{"line":33,"column":48},"end":{"line":42,"column":1}},"8":{"start":{"line":39,"column":21},"end":{"line":39,"column":76}},"9":{"start":{"line":40,"column":16},"end":{"line":40,"column":33}},"10":{"start":{"line":41,"column":2},"end":{"line":41,"column":21}},"11":{"start":{"line":44,"column":0},"end":{"line":44,"column":28}},"12":{"start":{"line":47,"column":0},"end":{"line":49,"column":3}},"13":{"start":{"line":48,"column":2},"end":{"line":48,"column":51}},"14":{"start":{"line":51,"column":0},"end":{"line":51,"column":19}}},"fnMap":{"0":{"name":"(anonymous_1)","decl":{"start":{"line":24,"column":13},"end":{"line":24,"column":14}},"loc":{"start":{"line":25,"column":2},"end":{"line":25,"column":40}}},"1":{"name":"(anonymous_2)","decl":{"start":{"line":33,"column":48},"end":{"line":33,"column":null}},"loc":{"start":{"line":38,"column":4},"end":{"line":42,"column":1}}},"2":{"name":"(anonymous_3)","decl":{"start":{"line":47,"column":17},"end":{"line":47,"column":20}},"loc":{"start":{"line":47,"column":22},"end":{"line":49,"column":1}}}},"branchMap":{"0":{"loc":{"start":{"line":40,"column":16},"end":{"line":40,"column":33}},"type":"binary-expr","locations":[{"start":{"line":40,"column":16},"end":{"line":40,"column":19}},{"start":{"line":40,"column":23},"end":{"line":40,"column":33}}]}},"s":{"0":1,"1":1,"2":1,"3":1,"4":1,"5":1,"6":4,"7":1,"8":0,"9":0,"10":0,"11":1,"12":1,"13":1,"14":1},"f":{"0":4,"1":0,"2":1},"b":{"0":[0,0]}}
}
